13:36:29,096 INFO  [org.jboss.modules] (main) JBoss Modules version 1.2.0.Final-redhat-1
13:36:29,233 INFO  [org.jboss.msc] (main) JBoss MSC version 1.0.4.GA-redhat-1
13:36:29,284 INFO  [org.jboss.as] (MSC service thread 1-8) JBAS015899: JBoss EAP 6.1.0.GA (AS 7.2.0.Final-redhat-8) starting
13:36:29,291 DEBUG [org.jboss.as.config] (MSC service thread 1-8) Configured system properties:
	awt.toolkit = sun.awt.X11.XToolkit
	file.encoding = UTF-8
	file.encoding.pkg = sun.io
	file.separator = /
	java.awt.graphicsenv = sun.awt.X11GraphicsEnvironment
	java.awt.headless = true
	java.awt.printerjob = sun.print.PSPrinterJob
	java.class.path = /home/rowagner/opt/brms-coolstore-demo-master/target/jboss-eap-6.1/jboss-modules.jar
	java.class.version = 51.0
	java.endorsed.dirs = /usr/lib/jvm/java-1.7.0-openjdk-1.7.0.25-2.3.12.3.fc19.x86_64/jre/lib/endorsed
	java.ext.dirs = /usr/lib/jvm/java-1.7.0-openjdk-1.7.0.25-2.3.12.3.fc19.x86_64/jre/lib/ext:/usr/java/packages/lib/ext
	java.home = /usr/lib/jvm/java-1.7.0-openjdk-1.7.0.25-2.3.12.3.fc19.x86_64/jre
	java.io.tmpdir = /tmp
	java.library.path = /usr/java/packages/lib/amd64:/usr/lib64:/lib64:/lib:/usr/lib
	java.net.preferIPv4Stack = true
	java.runtime.name = OpenJDK Runtime Environment
	java.runtime.version = 1.7.0_25-mockbuild_2013_07_27_13_36-b00
	java.specification.name = Java Platform API Specification
	java.specification.vendor = Oracle Corporation
	java.specification.version = 1.7
	java.util.logging.manager = org.jboss.logmanager.LogManager
	java.vendor = Oracle Corporation
	java.vendor.url = http://java.oracle.com/
	java.vendor.url.bug = http://bugreport.sun.com/bugreport/
	java.version = 1.7.0_25
	java.vm.info = mixed mode
	java.vm.name = OpenJDK 64-Bit Server VM
	java.vm.specification.name = Java Virtual Machine Specification
	java.vm.specification.vendor = Oracle Corporation
	java.vm.specification.version = 1.7
	java.vm.vendor = Oracle Corporation
	java.vm.version = 23.7-b01
	javax.management.builder.initial = org.jboss.as.jmx.PluggableMBeanServerBuilder
	javax.xml.datatype.DatatypeFactory = __redirected.__DatatypeFactory
	javax.xml.parsers.DocumentBuilderFactory = __redirected.__DocumentBuilderFactory
	javax.xml.parsers.SAXParserFactory = __redirected.__SAXParserFactory
	javax.xml.stream.XMLEventFactory = __redirected.__XMLEventFactory
	javax.xml.stream.XMLInputFactory = __redirected.__XMLInputFactory
	javax.xml.stream.XMLOutputFactory = __redirected.__XMLOutputFactory
	javax.xml.transform.TransformerFactory = __redirected.__TransformerFactory
	javax.xml.validation.SchemaFactory:http://www.w3.org/2001/XMLSchema = __redirected.__SchemaFactory
	javax.xml.xpath.XPathFactory:http://java.sun.com/jaxp/xpath/dom = __redirected.__XPathFactory
	jboss.bind.address = localhost
	jboss.home.dir = /home/rowagner/opt/brms-coolstore-demo-master/target/jboss-eap-6.1
	jboss.host.name = wagdora
	jboss.modules.dir = /home/rowagner/opt/brms-coolstore-demo-master/target/jboss-eap-6.1/modules
	jboss.modules.system.pkgs = org.jboss.byteman
	jboss.node.name = wagdora
	jboss.qualified.host.name = wagdora
	jboss.server.base.dir = /home/rowagner/opt/brms-coolstore-demo-master/target/jboss-eap-6.1/standalone
	jboss.server.config.dir = /home/rowagner/opt/brms-coolstore-demo-master/target/jboss-eap-6.1/standalone/configuration
	jboss.server.data.dir = /home/rowagner/opt/brms-coolstore-demo-master/target/jboss-eap-6.1/standalone/data
	jboss.server.deploy.dir = /home/rowagner/opt/brms-coolstore-demo-master/target/jboss-eap-6.1/standalone/data/content
	jboss.server.log.dir = /home/rowagner/opt/brms-coolstore-demo-master/target/jboss-eap-6.1/standalone/log
	jboss.server.name = wagdora
	jboss.server.persist.config = true
	jboss.server.temp.dir = /home/rowagner/opt/brms-coolstore-demo-master/target/jboss-eap-6.1/standalone/tmp
	line.separator = 

	logging.configuration = file:/home/rowagner/opt/brms-coolstore-demo-master/target/jboss-eap-6.1/standalone/configuration/logging.properties
	module.path = /home/rowagner/opt/brms-coolstore-demo-master/target/jboss-eap-6.1/modules
	org.jboss.boot.log.file = /home/rowagner/opt/brms-coolstore-demo-master/target/jboss-eap-6.1/standalone/log/boot.log
	org.jboss.logmanager.nocolor = true
	org.jboss.resolver.warning = true
	org.xml.sax.driver = __redirected.__XMLReaderFactory
	os.arch = amd64
	os.name = Linux
	os.version = 3.10.5-201.fc19.x86_64
	path.separator = :
	program.name = JBossTools: jboss-eap-6.1 (2)
	sun.arch.data.model = 64
	sun.boot.class.path = /usr/lib/jvm/java-1.7.0-openjdk-1.7.0.25-2.3.12.3.fc19.x86_64/jre/lib/resources.jar:/usr/lib/jvm/java-1.7.0-openjdk-1.7.0.25-2.3.12.3.fc19.x86_64/jre/lib/rt.jar:/usr/lib/jvm/java-1.7.0-openjdk-1.7.0.25-2.3.12.3.fc19.x86_64/jre/lib/sunrsasign.jar:/usr/lib/jvm/java-1.7.0-openjdk-1.7.0.25-2.3.12.3.fc19.x86_64/jre/lib/jsse.jar:/usr/lib/jvm/java-1.7.0-openjdk-1.7.0.25-2.3.12.3.fc19.x86_64/jre/lib/jce.jar:/usr/lib/jvm/java-1.7.0-openjdk-1.7.0.25-2.3.12.3.fc19.x86_64/jre/lib/charsets.jar:/usr/lib/jvm/java-1.7.0-openjdk-1.7.0.25-2.3.12.3.fc19.x86_64/jre/lib/netx.jar:/usr/lib/jvm/java-1.7.0-openjdk-1.7.0.25-2.3.12.3.fc19.x86_64/jre/lib/plugin.jar:/usr/lib/jvm/java-1.7.0-openjdk-1.7.0.25-2.3.12.3.fc19.x86_64/jre/lib/rhino.jar:/usr/lib/jvm/java-1.7.0-openjdk-1.7.0.25-2.3.12.3.fc19.x86_64/jre/lib/jfr.jar:/usr/lib/jvm/java-1.7.0-openjdk-1.7.0.25-2.3.12.3.fc19.x86_64/jre/classes
	sun.boot.library.path = /usr/lib/jvm/java-1.7.0-openjdk-1.7.0.25-2.3.12.3.fc19.x86_64/jre/lib/amd64
	sun.cpu.endian = little
	sun.cpu.isalist = 
	sun.desktop = gnome
	sun.io.unicode.encoding = UnicodeLittle
	sun.java.command = org.jboss.modules.Main -mp /home/rowagner/opt/brms-coolstore-demo-master/target/jboss-eap-6.1/modules -jaxpmodule javax.xml.jaxp-provider org.jboss.as.standalone -b localhost --server-config=standalone.xml
	sun.java.launcher = SUN_STANDARD
	sun.jnu.encoding = UTF-8
	sun.management.compiler = HotSpot 64-Bit Tiered Compilers
	sun.os.patch.level = unknown
	sun.rmi.dgc.client.gcInterval = 3600000
	sun.rmi.dgc.server.gcInterval = 3600000
	user.country = US
	user.dir = /home/rowagner/opt/brms-coolstore-demo-master/target/jboss-eap-6.1/bin
	user.home = /home/rowagner
	user.language = en
	user.name = rowagner
	user.timezone = America/New_York
13:36:29,294 DEBUG [org.jboss.as.config] (MSC service thread 1-8) VM Arguments: -Dprogram.name=JBossTools: jboss-eap-6.1 (2) -Xms1303m -Xmx1303m -XX:MaxPermSize=256m -Dorg.jboss.resolver.warning=true -Djava.net.preferIPv4Stack=true -Dsun.rmi.dgc.client.gcInterval=3600000 -Dsun.rmi.dgc.server.gcInterval=3600000 -Djboss.modules.system.pkgs=org.jboss.byteman -Djava.awt.headless=true -Dorg.jboss.boot.log.file=/home/rowagner/opt/brms-coolstore-demo-master/target/jboss-eap-6.1/standalone/log/boot.log -Dlogging.configuration=file:/home/rowagner/opt/brms-coolstore-demo-master/target/jboss-eap-6.1/standalone/configuration/logging.properties -Djboss.home.dir=/home/rowagner/opt/brms-coolstore-demo-master/target/jboss-eap-6.1 -Dorg.jboss.logmanager.nocolor=true -Dfile.encoding=UTF-8 
13:36:29,977 INFO  [org.jboss.as.server.deployment.scanner] (DeploymentScanner-threads - 1) JBAS015003: Found jboss-brms.war in deployment directory. To trigger deployment create a file called jboss-brms.war.dodeploy
13:36:29,978 INFO  [org.jboss.as.server.deployment.scanner] (DeploymentScanner-threads - 1) JBAS015003: Found jbpm-human-task.war in deployment directory. To trigger deployment create a file called jbpm-human-task.war.dodeploy
13:36:29,978 INFO  [org.jboss.as.server.deployment.scanner] (DeploymentScanner-threads - 1) JBAS015003: Found business-central.war in deployment directory. To trigger deployment create a file called business-central.war.dodeploy
13:36:29,979 INFO  [org.jboss.as.server.deployment.scanner] (DeploymentScanner-threads - 1) JBAS015003: Found business-central-server.war in deployment directory. To trigger deployment create a file called business-central-server.war.dodeploy
13:36:29,979 INFO  [org.jboss.as.server.deployment.scanner] (DeploymentScanner-threads - 1) JBAS015003: Found designer.war in deployment directory. To trigger deployment create a file called designer.war.dodeploy
13:36:29,998 INFO  [org.xnio] (MSC service thread 1-4) XNIO Version 3.0.7.GA-redhat-1
13:36:30,001 INFO  [org.jboss.as.server] (Controller Boot Thread) JBAS015888: Creating http management service using socket-binding (management-http)
13:36:30,003 INFO  [org.xnio.nio] (MSC service thread 1-4) XNIO NIO Implementation Version 3.0.7.GA-redhat-1
13:36:30,009 INFO  [org.jboss.remoting] (MSC service thread 1-4) JBoss Remoting version 3.2.16.GA-redhat-1
